<?xml version="1.0" encoding="UTF-8"?>
<!-- Generated by org.testng.reporters.JUnitReportReporter -->
<testsuite hostname="QB-IPL-1455" failures="0" tests="3" name="com.Qa.Test.LoginPageTest" time="167.234" errors="0" timestamp="13 Aug 2019 10:26:33 GMT" skipped="0">
  <testcase classname="com.Qa.Test.LoginPageTest" name="popUps_Validation" time="57.009"/>
  <testcase classname="com.Qa.Test.LoginPageTest" name="Tittle_Validation" time="54.924"/>
  <testcase classname="com.Qa.Test.LoginPageTest" name="LoginBTN_Validation" time="55.301"/>
</testsuite> <!-- com.Qa.Test.LoginPageTest -->
