<?xml version="1.0" encoding="UTF-8"?>
<!-- Generated by org.testng.reporters.JUnitReportReporter -->
<testsuite hostname="QB-IPL-1455" failures="0" tests="1" name="Tests.Test1" time="61.176" errors="0" timestamp="2019-09-16T10:50:17 IST" skipped="0">
  <testcase classname="Tests.Test1" name="test1" time="61.176"/>
</testsuite> <!-- Tests.Test1 -->
